= Host-specific information ====================================================
$> hostname; uname -msr
e1z2r6p14.42.us.org
Darwin 17.7.0 x86_64
$> date
Mon Jul  8 14:40:35 PDT 2019
$> gcc --version
Configured with: --prefix=/Library/Developer/CommandLineTools/usr --with-gxx-include-dir=/usr/include/c++/4.2.1
Apple LLVM version 10.0.0 (clang-1000.10.44.4)
Target: x86_64-apple-darwin17.7.0
Thread model: posix
InstalledDir: /Library/Developer/CommandLineTools/usr/bin
$> clang --version
Apple LLVM version 10.0.0 (clang-1000.10.44.4)
Target: x86_64-apple-darwin17.7.0
Thread model: posix
InstalledDir: /Library/Developer/CommandLineTools/usr/bin

= User files collection ========================================================
Collecting user files from Vogsphere
Repository URL: auto-exam/2019/c-exam-alone-in-the-dark-beginner/practice-exam_20190708/yxie

= Git history ==================================================================
$> git -C /var/folders/48/85tyfkrn3jg_ht7qz43dhwpm0000gp/T/tmpF951fU/user log --pretty='%H - %an, %ad : %s'
e47dfea3fd12c032d9343ba86cc4043fe4209672 - Yujuan Xie, Mon Jul 8 14:40:22 2019 -0700 : aff
 
= Collected files ==========================================
$> ls -lAR /var/folders/48/85tyfkrn3jg_ht7qz43dhwpm0000gp/T/tmpF951fU/user
total 8
-rw-r--r--  1 deepthought  deepthought  245 Jul  8 14:40 __GIT_HISTORY
drwxr-xr-x  3 deepthought  deepthought  102 Jul  8 14:40 aff_first_param

/var/folders/48/85tyfkrn3jg_ht7qz43dhwpm0000gp/T/tmpF951fU/user/aff_first_param:
total 8
-rw-r--r--  1 deepthought  deepthought  1087 Jul  8 14:40 aff_first_param.c
 
= aff_first_param ==============================================================
$> gcc -Wextra -Wall -Werror aff_first_param.c -o user_exe 

= Test 1 ===================================================
$> ./zbkse8cqg4k339ey2yvh1oxv 
$> diff -U 3 user_output_test1 test1.output | cat -e

Diff OK :D
= Test 2 ===================================================
$> ./edfyanvc3wh8fd07dw413olp "gQ1wG"
$> diff -U 3 user_output_test2 test2.output | cat -e

Diff OK :D
= Test 3 ===================================================
$> ./0zhmlmt59k1uh43072osk1gj "giD1XFkcLjhEuv8bw"
$> diff -U 3 user_output_test3 test3.output | cat -e

Diff OK :D
= Test 4 ===================================================
$> ./uh44goin087xffulr7tfpku0 "ruaRF2x9Jo sUP DTNavPuG6RCI mxGvwi8KdLz IobPpOxuVWkn"
$> diff -U 3 user_output_test4 test4.output | cat -e

Diff OK :D
= Test 5 ===================================================
$> ./ynp3yblv18h5e1wigz7pva4u "0 Lpf8 fHQaZV kQY tGFbk8WKeMfh ebT7YlFpfi5x j"
$> diff -U 3 user_output_test5 test5.output | cat -e

Diff OK :D
= Test 6 ===================================================
$> ./di639wz0a85c0seirucral2b "zoFVv9pfL" "RWGd" "KvRhMbHO" "E7" "J" "WKo" "yVDHKmIO" "JiY"
$> diff -U 3 user_output_test6 test6.output | cat -e

Diff OK :D
= Test 7 ===================================================
$> ./y93gcoozqlvf50mpj5zkz5wd "WX8f3njiGlrJ" "MS" "op" "p"
$> diff -U 3 user_output_test7 test7.output | cat -e

Diff OK :D
= Test 8 ===================================================
$> ./5e1kg2t89pqhejysalqftfay "DS" "4v0G SebO3c7g2D" "GEVYudzKL AB6Vw8kFoUM 0XwoV2 9" "xNfEiKhM Y" "0" "GqnOKL" "eD0vwO" "a8kRhtojOeq KCLJ AIow hcJHzI5qx" "KWCz54MBpZYP 5 yDi2FumWZ" "mqzVCgK3b XTMm4l lF" "JDL1Wm5FSk 426FLI0lP sEqXSAdrFpM K72BYUMGt0Fi" "x LJurhMTU9p" "Lf" "EKtFa6c dfoeqSDG xwRO" "NXcbwIQh vLn1EQAe GJCX48V"
$> diff -U 3 user_output_test8 test8.output | cat -e

Diff OK :D
= Test 9 ===================================================
$> ./3lvx39yuoqv68io1sjhcu3ct "WKcRx5ia DiWkq8Swc9" "0f9Ea7iXnBN XcMhTzFtLod YgkluZhtqy" "4Pm 9Y MfNe 7i58o" "JZLxya4Oc NV1 1IZd9JhreG UEtCjJn9cWo" "Ok OkUW6IGg fsZ43VlEX" "Gz90 vq5syw" "Rk 5HETXLvaWSx R2fNSpz U" "FoMpu JokYQi NcWRvS Kd4" "iHof1OzM diKMAo Gc35V7 wa1cie" "hP SIUQNwE70gq zID8YLAJS" "U L oT7jOY5" "Fz9YRw8ex" "NnQL rQPgXMGxyn4 QI" "LzCyTM pM" "R3qnMW2Lp" "rEa075qSQ 6qL1gYdvmwh8 5myoNZ8t"
$> diff -U 3 user_output_test9 test9.output | cat -e

Diff OK :D
Grade: 1

= Final grade: 1 ===============================================================
