= Host-specific information ====================================================
$> hostname; uname -msr
e1z2r9p17.42.us.org
Darwin 17.4.0 x86_64
$> date
Mon Jul  8 14:46:22 PDT 2019
$> gcc --version
Configured with: --prefix=/Library/Developer/CommandLineTools/usr --with-gxx-include-dir=/usr/include/c++/4.2.1
Apple LLVM version 9.0.0 (clang-900.0.39.2)
Target: x86_64-apple-darwin17.4.0
Thread model: posix
InstalledDir: /Library/Developer/CommandLineTools/usr/bin
$> clang --version
Apple LLVM version 9.0.0 (clang-900.0.39.2)
Target: x86_64-apple-darwin17.4.0
Thread model: posix
InstalledDir: /Library/Developer/CommandLineTools/usr/bin

= User files collection ========================================================
Collecting user files from Vogsphere
Repository URL: auto-exam/2019/c-exam-alone-in-the-dark-beginner/practice-exam_20190708/yxie

= Git history ==================================================================
$> git -C /var/folders/mn/ptwj92cd52j46yxg0sj3xkq40000gp/T/tmpG7_vtr/user log --pretty='%H - %an, %ad : %s'
7051ec3dab8f56552b1bd196a9b97b1e8cb1a0ed - Yujuan Xie, Mon Jul 8 14:46:15 2019 -0700 : 1
e47dfea3fd12c032d9343ba86cc4043fe4209672 - Yujuan Xie, Mon Jul 8 14:40:22 2019 -0700 : aff
 
= Collected files ==========================================
$> ls -lAR /var/folders/mn/ptwj92cd52j46yxg0sj3xkq40000gp/T/tmpG7_vtr/user
total 8
-rw-r--r--  1 deepthought  deepthought  465 Jul  8 14:46 __GIT_HISTORY
drwxr-xr-x  3 deepthought  deepthought  102 Jul  8 14:46 aff_first_param
drwxr-xr-x  3 deepthought  deepthought  102 Jul  8 14:46 ft_swap

/var/folders/mn/ptwj92cd52j46yxg0sj3xkq40000gp/T/tmpG7_vtr/user/aff_first_param:
total 8
-rw-r--r--  1 deepthought  deepthought  1087 Jul  8 14:46 aff_first_param.c

/var/folders/mn/ptwj92cd52j46yxg0sj3xkq40000gp/T/tmpG7_vtr/user/ft_swap:
total 8
-rw-r--r--  1 deepthought  deepthought  968 Jul  8 14:46 ft_swap.c
 
= ft_swap ======================================================================
$> gcc -Wextra -Wall -Werror ft_swap.c main.c -o user_exe 

= Test 1 ===================================================
$> ./q6rtppuokyc5q5eay21bsdq2 "1305063108" "-679688676"
$> diff -U 3 user_output_test1 test1.output | cat -e

Diff OK :D
= Test 2 ===================================================
$> ./wfwm4celxe2dqvgyjhmz6dq0 "1046032405" "-2118965486"
$> diff -U 3 user_output_test2 test2.output | cat -e

Diff OK :D
= Test 3 ===================================================
$> ./t38a0dsq2jyx15ifsnz9sxdp "-1694442398" "-1705530040"
$> diff -U 3 user_output_test3 test3.output | cat -e

Diff OK :D
= Test 4 ===================================================
$> ./3v9h5ws8vjfsqw82xwzz4ode "189821840" "432347921"
$> diff -U 3 user_output_test4 test4.output | cat -e

Diff OK :D
= Test 5 ===================================================
$> ./d2vm1vh0doa0z652v0so17iv "-1877771313" "2133601898"
$> diff -U 3 user_output_test5 test5.output | cat -e

Diff OK :D
= Test 6 ===================================================
$> ./scrrq0qxi5lf03tyxh3xp5m3 "2088080164" "1549166657"
$> diff -U 3 user_output_test6 test6.output | cat -e

Diff OK :D
= Test 7 ===================================================
$> ./yh5vftxcj5sx9egdc0oj6hd3 "2107017718" "255895948"
$> diff -U 3 user_output_test7 test7.output | cat -e

Diff OK :D
= Test 8 ===================================================
$> ./gznkoxnx0x371a59v01520li "-1570833918" "471368436"
$> diff -U 3 user_output_test8 test8.output | cat -e

Diff OK :D
= Test 9 ===================================================
$> ./61qbbwcqbf5ntcseq5n356lv "-1575707357" "139404586"
$> diff -U 3 user_output_test9 test9.output | cat -e

Diff OK :D
Grade: 1

= Final grade: 1 ===============================================================
