= Host-specific information ====================================================
$> hostname; uname -msr
e1z3r2p18.42.us.org
Darwin 17.4.0 x86_64
$> date
Mon Jul  8 14:53:53 PDT 2019
$> gcc --version
Configured with: --prefix=/Library/Developer/CommandLineTools/usr --with-gxx-include-dir=/usr/include/c++/4.2.1
Apple LLVM version 9.1.0 (clang-902.0.39.1)
Target: x86_64-apple-darwin17.4.0
Thread model: posix
InstalledDir: /Library/Developer/CommandLineTools/usr/bin
$> clang --version
Apple LLVM version 9.1.0 (clang-902.0.39.1)
Target: x86_64-apple-darwin17.4.0
Thread model: posix
InstalledDir: /Library/Developer/CommandLineTools/usr/bin

= User files collection ========================================================
Collecting user files from Vogsphere
Repository URL: auto-exam/2019/c-exam-alone-in-the-dark-beginner/practice-exam_20190708/yxie

= Git history ==================================================================
$> git -C /var/folders/g1/44cr9rb90136pzpsy2g00gzm0000gp/T/tmpkrff34/user log --pretty='%H - %an, %ad : %s'
b11d9b527b8e8cdf9bfe63dcceb804a5dc23cab2 - Yujuan Xie, Mon Jul 8 14:53:45 2019 -0700 : power
7051ec3dab8f56552b1bd196a9b97b1e8cb1a0ed - Yujuan Xie, Mon Jul 8 14:46:15 2019 -0700 : 1
e47dfea3fd12c032d9343ba86cc4043fe4209672 - Yujuan Xie, Mon Jul 8 14:40:22 2019 -0700 : aff
 
= Collected files ==========================================
$> ls -lAR /var/folders/g1/44cr9rb90136pzpsy2g00gzm0000gp/T/tmpkrff34/user
total 8
-rw-r--r--  1 deepthought  deepthought  701 Jul  8 14:53 __GIT_HISTORY
drwxr-xr-x  3 deepthought  deepthought  102 Jul  8 14:53 aff_first_param
drwxr-xr-x  3 deepthought  deepthought  102 Jul  8 14:53 ft_swap
drwxr-xr-x  3 deepthought  deepthought  102 Jul  8 14:53 is_power_of_2

/var/folders/g1/44cr9rb90136pzpsy2g00gzm0000gp/T/tmpkrff34/user/aff_first_param:
total 8
-rw-r--r--  1 deepthought  deepthought  1087 Jul  8 14:53 aff_first_param.c

/var/folders/g1/44cr9rb90136pzpsy2g00gzm0000gp/T/tmpkrff34/user/ft_swap:
total 8
-rw-r--r--  1 deepthought  deepthought  968 Jul  8 14:53 ft_swap.c

/var/folders/g1/44cr9rb90136pzpsy2g00gzm0000gp/T/tmpkrff34/user/is_power_of_2:
total 8
-rw-r--r--  1 deepthought  deepthought  1010 Jul  8 14:53 is_power_of_2.c
 
= is_power_of_2 ================================================================
$> gcc -Wextra -Wall -Werror is_power_of_2.c main.c -o user_exe 

= Test 1 ===================================================
$> ./h1z6b8y8fvb3c0efue1wnxg8 0
$> diff -U 3 user_output_test1 test1.output | cat -e
--- user_output_test1	2019-07-08 14:53:55.000000000 -0700$
+++ test1.output	2019-07-08 14:53:55.000000000 -0700$
@@ -1 +1 @@$
-0 is a power of 2!$
+0 is not a power of 2!$

Diff KO :(
Grade: 0

= Final grade: 0 ===============================================================
