= Host-specific information ====================================================
$> hostname; uname -msr
e1z2r7p30.42.us.org
Darwin 17.4.0 x86_64
$> date
Sat Jul  6 11:41:55 PDT 2019
$> gcc --version
Configured with: --prefix=/Library/Developer/CommandLineTools/usr --with-gxx-include-dir=/usr/include/c++/4.2.1
Apple LLVM version 9.0.0 (clang-900.0.39.2)
Target: x86_64-apple-darwin17.4.0
Thread model: posix
InstalledDir: /Library/Developer/CommandLineTools/usr/bin
$> clang --version
Apple LLVM version 9.0.0 (clang-900.0.39.2)
Target: x86_64-apple-darwin17.4.0
Thread model: posix
InstalledDir: /Library/Developer/CommandLineTools/usr/bin

= User files collection ========================================================
Collecting user files from Vogsphere
Repository URL: auto-exam/2019/c-exam-alone-in-the-dark-beginner/practice-exam_20190706/yxie

= Git history ==================================================================
$> git -C /var/folders/dv/c524903s3pvc9zj3lqs7m4040000gp/T/tmpUPUPHc/user log --pretty='%H - %an, %ad : %s'
6e36b9d157b6246d408b75abea840f5e049bbbf5 - Yujuan Xie, Sat Jul 6 11:41:25 2019 -0700 : ft_rrange
ac67ac4c092ed84211c1155812b51507a8eb6d53 - Yujuan Xie, Sat Jul 6 11:05:29 2019 -0700 : wdmatch
5e5aa0e6e58822de8fe48a5a9b0718554f3459e5 - Yujuan Xie, Sat Jul 6 10:17:54 2019 -0700 : ft_putstr
d583939d62092871cd2ff1ba598d054cd3861f3a - Yujuan Xie, Sat Jul 6 10:09:55 2019 -0700 : hello
 
= Collected files ==========================================
$> ls -lAR /var/folders/dv/c524903s3pvc9zj3lqs7m4040000gp/T/tmpUPUPHc/user
total 8
-rw-r--r--  1 deepthought  deepthought  1007 Jul  6 11:41 __GIT_HISTORY
drwxr-xr-x  3 deepthought  deepthought   102 Jul  6 11:41 ft_putstr
drwxr-xr-x  4 deepthought  deepthought   136 Jul  6 11:41 ft_rrange
drwxr-xr-x  3 deepthought  deepthought   102 Jul  6 11:41 hello
drwxr-xr-x  3 deepthought  deepthought   102 Jul  6 11:41 wdmatch

/var/folders/dv/c524903s3pvc9zj3lqs7m4040000gp/T/tmpUPUPHc/user/ft_putstr:
total 8
-rw-r--r--  1 deepthought  deepthought  979 Jul  6 11:41 ft_putstr.c

/var/folders/dv/c524903s3pvc9zj3lqs7m4040000gp/T/tmpUPUPHc/user/ft_rrange:
total 32
-rw-r--r--  1 deepthought  deepthought  12288 Jul  6 11:41 .ft_rrange.c.swp
-rw-r--r--  1 deepthought  deepthought   1321 Jul  6 11:41 ft_rrange.c

/var/folders/dv/c524903s3pvc9zj3lqs7m4040000gp/T/tmpUPUPHc/user/hello:
total 8
-rw-r--r--  1 deepthought  deepthought  976 Jul  6 11:41 hello.c

/var/folders/dv/c524903s3pvc9zj3lqs7m4040000gp/T/tmpUPUPHc/user/wdmatch:
total 8
-rw-r--r--  1 deepthought  deepthought  1328 Jul  6 11:41 wdmatch.c
 
= ft_rrange ====================================================================
$> gcc -Wextra -Wall -Werror main.c ft_rrange.c -o user_exe 

= Test 1 ===================================================
$> ./k3pczwbohp0pykv8pgthx3yw 
$> diff -U 3 user_output_test1 test1.output | cat -e

Diff OK :D
= Test 2 ===================================================
$> ./1huw5eso2i7m7j4d41zsupqs "21" "2313" "12"
$> diff -U 3 user_output_test2 test2.output | cat -e

Diff OK :D
= Test 3 ===================================================
$> ./odu5juztjmygypcmfjypwlal "2147483647" "2147483640" "7"
$> diff -U 3 user_output_test3 test3.output | cat -e
--- user_output_test3	2019-07-06 11:41:59.000000000 -0700$
+++ test3.output	2019-07-06 11:41:59.000000000 -0700$
@@ -1,8 +1,8 @@$
 2147483640$
--2147483648$
-0$
--2147483648$
-4$
-0$
-0$
+2147483641$
+2147483642$
+2147483643$
+2147483644$
+2147483645$
+2147483646$
 $

Diff KO :(
Grade: 0

= Final grade: 0 ===============================================================
